<?xml version="1.0" encoding="UTF-8"?>
<!-- Generated by org.testng.reporters.JUnitReportReporter -->
<testsuite hostname="D11-Deep.Ray" failures="0" tests="1" name="test2" time="0.017" errors="0" timestamp="2022-01-21T18:21:49 IST" skipped="0">
  <testcase classname="test2" name="result" time="0.017"/>
  <system-out/>
</testsuite> <!-- test2 -->
